

































































































































































































info [Tue Mar 14 2023 03:16:50 GMT-0400 (Eastern Daylight Saving Time)]  Error TypeError: Cannot read properties of undefined (reading 'catName')
    at categoryController.createCategory (D:\infinitycollection\Api\controller\categoryController.js:15:32)
    at D:\infinitycollection\Api\routes\categoriesRouter.js:37:51
    at Layer.handle [as handle_request] (D:\infinitycollection\Api\node_modules\express\lib\router\layer.js:95:5)
    at next (D:\infinitycollection\Api\node_modules\express\lib\router\route.js:144:13)
    at Route.dispatch (D:\infinitycollection\Api\node_modules\express\lib\router\route.js:114:3)
    at Layer.handle [as handle_request] (D:\infinitycollection\Api\node_modules\express\lib\router\layer.js:95:5)
    at D:\infinitycollection\Api\node_modules\express\lib\router\index.js:284:15
    at Function.process_params (D:\infinitycollection\Api\node_modules\express\lib\router\index.js:346:12)
    at next (D:\infinitycollection\Api\node_modules\express\lib\router\index.js:280:10)
    at Function.handle (D:\infinitycollection\Api\node_modules\express\lib\router\index.js:175:3)




























































































































































































































































































info [Wed Mar 15 2023 20:38:15 GMT-0400 (Eastern Daylight Saving Time)]  Error Error: ER_PARSE_ERROR: You have an error in your SQL syntax; check the manual that corresponds to your MariaDB server version for the right syntax to use near ') VALUES ('Aldo',NULL)' at line 1
    at Query.Sequence._packetToError (D:\infinitycollection\Api\node_modules\mysql\lib\protocol\sequences\Sequence.js:47:14)
    at Query.ErrorPacket (D:\infinitycollection\Api\node_modules\mysql\lib\protocol\sequences\Query.js:79:18)
    at Protocol._parsePacket (D:\infinitycollection\Api\node_modules\mysql\lib\protocol\Protocol.js:291:23)
    at Parser._parsePacket (D:\infinitycollection\Api\node_modules\mysql\lib\protocol\Parser.js:433:10)
    at Parser.write (D:\infinitycollection\Api\node_modules\mysql\lib\protocol\Parser.js:43:10)
    at Protocol.write (D:\infinitycollection\Api\node_modules\mysql\lib\protocol\Protocol.js:38:16)
    at Socket.<anonymous> (D:\infinitycollection\Api\node_modules\mysql\lib\Connection.js:88:28)
    at Socket.<anonymous> (D:\infinitycollection\Api\node_modules\mysql\lib\Connection.js:526:10)
    at Socket.emit (node:events:513:28)
    at addChunk (node:internal/streams/readable:315:12)
    --------------------
    at Pool.query (D:\infinitycollection\Api\node_modules\mysql\lib\Pool.js:199:23)
    at D:\infinitycollection\Api\model\Db.js:19:23
    at new Promise (<anonymous>)
    at Db.mainQuery (D:\infinitycollection\Api\model\Db.js:18:16)
    at productController.createProduct (D:\infinitycollection\Api\controller\productController.js:26:46)
    at D:\infinitycollection\Api\routes\productrouter.js:23:43
    at D:\infinitycollection\Api\routes\productrouter.js:25:7
    at Layer.handle [as handle_request] (D:\infinitycollection\Api\node_modules\express\lib\router\layer.js:95:5)
    at next (D:\infinitycollection\Api\node_modules\express\lib\router\route.js:144:13)
    at exports.product_add (D:\infinitycollection\Api\middleware\productValidation.js:88:9) {
  code: 'ER_PARSE_ERROR',
  errno: 1064,
  sqlMessage: "You have an error in your SQL syntax; check the manual that corresponds to your MariaDB server version for the right syntax to use near ') VALUES ('Aldo',NULL)' at line 1",
  sqlState: '42000',
  index: 0,
  sql: "INSERT INTO `prducts`(`productName`, `productPhoto`, `productGallery`, `prductDescription`, `discountedPrice`, `price`, `limitedEdition`, `trendings`, `subCatId`, `catId`,) VALUES ('Aldo',NULL)"
}
info [Wed Mar 15 2023 20:39:01 GMT-0400 (Eastern Daylight Saving Time)]  Error Error: ER_PARSE_ERROR: You have an error in your SQL syntax; check the manual that corresponds to your MariaDB server version for the right syntax to use near ') VALUES ('Aldo',NULL)' at line 1
    at Query.Sequence._packetToError (D:\infinitycollection\Api\node_modules\mysql\lib\protocol\sequences\Sequence.js:47:14)
    at Query.ErrorPacket (D:\infinitycollection\Api\node_modules\mysql\lib\protocol\sequences\Query.js:79:18)
    at Protocol._parsePacket (D:\infinitycollection\Api\node_modules\mysql\lib\protocol\Protocol.js:291:23)
    at Parser._parsePacket (D:\infinitycollection\Api\node_modules\mysql\lib\protocol\Parser.js:433:10)
    at Parser.write (D:\infinitycollection\Api\node_modules\mysql\lib\protocol\Parser.js:43:10)
    at Protocol.write (D:\infinitycollection\Api\node_modules\mysql\lib\protocol\Protocol.js:38:16)
    at Socket.<anonymous> (D:\infinitycollection\Api\node_modules\mysql\lib\Connection.js:88:28)
    at Socket.<anonymous> (D:\infinitycollection\Api\node_modules\mysql\lib\Connection.js:526:10)
    at Socket.emit (node:events:513:28)
    at addChunk (node:internal/streams/readable:315:12)
    --------------------
    at Pool.query (D:\infinitycollection\Api\node_modules\mysql\lib\Pool.js:199:23)
    at D:\infinitycollection\Api\model\Db.js:19:23
    at new Promise (<anonymous>)
    at Db.mainQuery (D:\infinitycollection\Api\model\Db.js:18:16)
    at productController.createProduct (D:\infinitycollection\Api\controller\productController.js:26:46)
    at D:\infinitycollection\Api\routes\productrouter.js:23:43
    at D:\infinitycollection\Api\routes\productrouter.js:25:7
    at Layer.handle [as handle_request] (D:\infinitycollection\Api\node_modules\express\lib\router\layer.js:95:5)
    at next (D:\infinitycollection\Api\node_modules\express\lib\router\route.js:144:13)
    at exports.product_add (D:\infinitycollection\Api\middleware\productValidation.js:88:9) {
  code: 'ER_PARSE_ERROR',
  errno: 1064,
  sqlMessage: "You have an error in your SQL syntax; check the manual that corresponds to your MariaDB server version for the right syntax to use near ') VALUES ('Aldo',NULL)' at line 1",
  sqlState: '42000',
  index: 0,
  sql: "INSERT INTO `prducts`(`productName`, `productPhoto`, `productGallery`, `prductDescription`, `discountedPrice`, `price`, `limitedEdition`, `trendings`, `subCatId`, `catId`,) VALUES ('Aldo',NULL)"
}















info [Wed Mar 15 2023 20:40:59 GMT-0400 (Eastern Daylight Saving Time)]  Error Error: ER_PARSE_ERROR: You have an error in your SQL syntax; check the manual that corresponds to your MariaDB server version for the right syntax to use near ') VALUES ('Aldo',NULL)' at line 1
    at Query.Sequence._packetToError (D:\infinitycollection\Api\node_modules\mysql\lib\protocol\sequences\Sequence.js:47:14)
    at Query.ErrorPacket (D:\infinitycollection\Api\node_modules\mysql\lib\protocol\sequences\Query.js:79:18)
    at Protocol._parsePacket (D:\infinitycollection\Api\node_modules\mysql\lib\protocol\Protocol.js:291:23)
    at Parser._parsePacket (D:\infinitycollection\Api\node_modules\mysql\lib\protocol\Parser.js:433:10)
    at Parser.write (D:\infinitycollection\Api\node_modules\mysql\lib\protocol\Parser.js:43:10)
    at Protocol.write (D:\infinitycollection\Api\node_modules\mysql\lib\protocol\Protocol.js:38:16)
    at Socket.<anonymous> (D:\infinitycollection\Api\node_modules\mysql\lib\Connection.js:88:28)
    at Socket.<anonymous> (D:\infinitycollection\Api\node_modules\mysql\lib\Connection.js:526:10)
    at Socket.emit (node:events:513:28)
    at addChunk (node:internal/streams/readable:315:12)
    --------------------
    at Pool.query (D:\infinitycollection\Api\node_modules\mysql\lib\Pool.js:199:23)
    at D:\infinitycollection\Api\model\Db.js:19:23
    at new Promise (<anonymous>)
    at Db.mainQuery (D:\infinitycollection\Api\model\Db.js:18:16)
    at productController.createProduct (D:\infinitycollection\Api\controller\productController.js:26:46)
    at D:\infinitycollection\Api\routes\productrouter.js:35:51
    at Layer.handle [as handle_request] (D:\infinitycollection\Api\node_modules\express\lib\router\layer.js:95:5)
    at next (D:\infinitycollection\Api\node_modules\express\lib\router\route.js:144:13)
    at exports.product_add (D:\infinitycollection\Api\middleware\productValidation.js:88:9)
    at Layer.handle [as handle_request] (D:\infinitycollection\Api\node_modules\express\lib\router\layer.js:95:5) {
  code: 'ER_PARSE_ERROR',
  errno: 1064,
  sqlMessage: "You have an error in your SQL syntax; check the manual that corresponds to your MariaDB server version for the right syntax to use near ') VALUES ('Aldo',NULL)' at line 1",
  sqlState: '42000',
  index: 0,
  sql: "INSERT INTO `prducts`(`productName`, `productPhoto`, `productGallery`, `prductDescription`, `discountedPrice`, `price`, `limitedEdition`, `trendings`, `subCatId`, `catId`,) VALUES ('Aldo',NULL)"
}




















info [Thu Mar 16 2023 22:10:31 GMT-0400 (Eastern Daylight Saving Time)]  Error Error: ER_PARSE_ERROR: You have an error in your SQL syntax; check the manual that corresponds to your MariaDB server version for the right syntax to use near ') VALUES ('Aldo',NULL)' at line 1
    at Query.Sequence._packetToError (D:\infinitycollection\Api\node_modules\mysql\lib\protocol\sequences\Sequence.js:47:14)
    at Query.ErrorPacket (D:\infinitycollection\Api\node_modules\mysql\lib\protocol\sequences\Query.js:79:18)
    at Protocol._parsePacket (D:\infinitycollection\Api\node_modules\mysql\lib\protocol\Protocol.js:291:23)
    at Parser._parsePacket (D:\infinitycollection\Api\node_modules\mysql\lib\protocol\Parser.js:433:10)
    at Parser.write (D:\infinitycollection\Api\node_modules\mysql\lib\protocol\Parser.js:43:10)
    at Protocol.write (D:\infinitycollection\Api\node_modules\mysql\lib\protocol\Protocol.js:38:16)
    at Socket.<anonymous> (D:\infinitycollection\Api\node_modules\mysql\lib\Connection.js:88:28)
    at Socket.<anonymous> (D:\infinitycollection\Api\node_modules\mysql\lib\Connection.js:526:10)
    at Socket.emit (node:events:513:28)
    at addChunk (node:internal/streams/readable:315:12)
    --------------------
    at Pool.query (D:\infinitycollection\Api\node_modules\mysql\lib\Pool.js:199:23)
    at D:\infinitycollection\Api\model\Db.js:19:23
    at new Promise (<anonymous>)
    at Db.mainQuery (D:\infinitycollection\Api\model\Db.js:18:16)
    at productController.createProduct (D:\infinitycollection\Api\controller\productController.js:26:46)
    at D:\infinitycollection\Api\routes\productrouter.js:36:51
    at Layer.handle [as handle_request] (D:\infinitycollection\Api\node_modules\express\lib\router\layer.js:95:5)
    at next (D:\infinitycollection\Api\node_modules\express\lib\router\route.js:144:13)
    at exports.product_add (D:\infinitycollection\Api\middleware\productValidation.js:88:9)
    at Layer.handle [as handle_request] (D:\infinitycollection\Api\node_modules\express\lib\router\layer.js:95:5) {
  code: 'ER_PARSE_ERROR',
  errno: 1064,
  sqlMessage: "You have an error in your SQL syntax; check the manual that corresponds to your MariaDB server version for the right syntax to use near ') VALUES ('Aldo',NULL)' at line 1",
  sqlState: '42000',
  index: 0,
  sql: "INSERT INTO `prducts`(`productName`, `productPhoto`, `productGallery`, `prductDescription`, `discountedPrice`, `price`, `limitedEdition`, `trendings`, `subCatId`, `catId`,) VALUES ('Aldo',NULL)"
}






































































info [Thu Mar 16 2023 22:22:28 GMT-0400 (Eastern Daylight Saving Time)]  Error Error: ER_PARSE_ERROR: You have an error in your SQL syntax; check the manual that corresponds to your MariaDB server version for the right syntax to use near ') VALUES ('Aldo','D:\\infinitycollection\\Api\\Uploads\\productPhoto/f844f698...' at line 1
    at Query.Sequence._packetToError (D:\infinitycollection\Api\node_modules\mysql\lib\protocol\sequences\Sequence.js:47:14)
    at Query.ErrorPacket (D:\infinitycollection\Api\node_modules\mysql\lib\protocol\sequences\Query.js:79:18)
    at Protocol._parsePacket (D:\infinitycollection\Api\node_modules\mysql\lib\protocol\Protocol.js:291:23)
    at Parser._parsePacket (D:\infinitycollection\Api\node_modules\mysql\lib\protocol\Parser.js:433:10)
    at Parser.write (D:\infinitycollection\Api\node_modules\mysql\lib\protocol\Parser.js:43:10)
    at Protocol.write (D:\infinitycollection\Api\node_modules\mysql\lib\protocol\Protocol.js:38:16)
    at Socket.<anonymous> (D:\infinitycollection\Api\node_modules\mysql\lib\Connection.js:88:28)
    at Socket.<anonymous> (D:\infinitycollection\Api\node_modules\mysql\lib\Connection.js:526:10)
    at Socket.emit (node:events:513:28)
    at addChunk (node:internal/streams/readable:315:12)
    --------------------
    at Pool.query (D:\infinitycollection\Api\node_modules\mysql\lib\Pool.js:199:23)
    at D:\infinitycollection\Api\model\Db.js:19:23
    at new Promise (<anonymous>)
    at Db.mainQuery (D:\infinitycollection\Api\model\Db.js:18:16)
    at productController.createProduct (D:\infinitycollection\Api\controller\productController.js:26:46)
    at D:\infinitycollection\Api\routes\productrouter.js:36:51
    at Layer.handle [as handle_request] (D:\infinitycollection\Api\node_modules\express\lib\router\layer.js:95:5)
    at next (D:\infinitycollection\Api\node_modules\express\lib\router\route.js:144:13)
    at exports.product_add (D:\infinitycollection\Api\middleware\productValidation.js:88:9)
    at Layer.handle [as handle_request] (D:\infinitycollection\Api\node_modules\express\lib\router\layer.js:95:5) {
  code: 'ER_PARSE_ERROR',
  errno: 1064,
  sqlMessage: "You have an error in your SQL syntax; check the manual that corresponds to your MariaDB server version for the right syntax to use near ') VALUES ('Aldo','D:\\\\infinitycollection\\\\Api\\\\Uploads\\\\productPhoto/f844f698...' at line 1",
  sqlState: '42000',
  index: 0,
  sql: "INSERT INTO `prducts`(`productName`, `productPhoto`, `productGallery`, `prductDescription`, `discountedPrice`, `price`, `limitedEdition`, `trendings`, `subCatId`, `catId`,) VALUES ('Aldo','D:\\\\infinitycollection\\\\Api\\\\Uploads\\\\productPhoto/f844f6983a030bd8a856acb00.png')"
}





info [Thu Mar 16 2023 22:24:13 GMT-0400 (Eastern Daylight Saving Time)]  Error Error: ER_PARSE_ERROR: You have an error in your SQL syntax; check the manual that corresponds to your MariaDB server version for the right syntax to use near ') VALUES ('Aldo','D:\\infinitycollection\\Api\\Uploads\\productPhoto/e30a12d7...' at line 1
    at Query.Sequence._packetToError (D:\infinitycollection\Api\node_modules\mysql\lib\protocol\sequences\Sequence.js:47:14)
    at Query.ErrorPacket (D:\infinitycollection\Api\node_modules\mysql\lib\protocol\sequences\Query.js:79:18)
    at Protocol._parsePacket (D:\infinitycollection\Api\node_modules\mysql\lib\protocol\Protocol.js:291:23)
    at Parser._parsePacket (D:\infinitycollection\Api\node_modules\mysql\lib\protocol\Parser.js:433:10)
    at Parser.write (D:\infinitycollection\Api\node_modules\mysql\lib\protocol\Parser.js:43:10)
    at Protocol.write (D:\infinitycollection\Api\node_modules\mysql\lib\protocol\Protocol.js:38:16)
    at Socket.<anonymous> (D:\infinitycollection\Api\node_modules\mysql\lib\Connection.js:88:28)
    at Socket.<anonymous> (D:\infinitycollection\Api\node_modules\mysql\lib\Connection.js:526:10)
    at Socket.emit (node:events:513:28)
    at addChunk (node:internal/streams/readable:315:12)
    --------------------
    at Pool.query (D:\infinitycollection\Api\node_modules\mysql\lib\Pool.js:199:23)
    at D:\infinitycollection\Api\model\Db.js:19:23
    at new Promise (<anonymous>)
    at Db.mainQuery (D:\infinitycollection\Api\model\Db.js:18:16)
    at productController.createProduct (D:\infinitycollection\Api\controller\productController.js:26:46)
    at D:\infinitycollection\Api\routes\productrouter.js:36:51
    at Layer.handle [as handle_request] (D:\infinitycollection\Api\node_modules\express\lib\router\layer.js:95:5)
    at next (D:\infinitycollection\Api\node_modules\express\lib\router\route.js:144:13)
    at exports.product_add (D:\infinitycollection\Api\middleware\productValidation.js:88:9)
    at Layer.handle [as handle_request] (D:\infinitycollection\Api\node_modules\express\lib\router\layer.js:95:5) {
  code: 'ER_PARSE_ERROR',
  errno: 1064,
  sqlMessage: "You have an error in your SQL syntax; check the manual that corresponds to your MariaDB server version for the right syntax to use near ') VALUES ('Aldo','D:\\\\infinitycollection\\\\Api\\\\Uploads\\\\productPhoto/e30a12d7...' at line 1",
  sqlState: '42000',
  index: 0,
  sql: "INSERT INTO `prducts`(`productName`, `productPhoto`, `productGallery`, `prductDescription`, `discountedPrice`, `price`, `limitedEdition`, `trendings`, `subCatId`, `catId`,) VALUES ('Aldo','D:\\\\infinitycollection\\\\Api\\\\Uploads\\\\productPhoto/e30a12d747ef5cb33f3eb1000.png','D:\\\\infinitycollection\\\\Api\\\\Uploads\\\\productGallery/e30a12d747ef5cb33f3eb1001.png','Good Shoes','50','60','1','1','1','1')"
}


















































